<?xml version="1.0" encoding="UTF-8"?>
<!-- Generated by org.testng.reporters.JUnitReportReporter -->
<testsuite hostname="DESKTOP-DEUNGC0" failures="0" tests="3" name="CreateAnAccount" time="49.934" errors="0" timestamp="2024-01-09T17:35:06 IST" skipped="0">
  <testcase classname="CreateAnAccount" name="verifyUserIsAbleToCreateAnAccountandShareTheWishList" time="17.512"/>
  <system-out/>
  <testcase classname="CreateAnAccount" name="verifyUserIsAbleToCreateAnAccountandShareTheWishList" time="16.339"/>
  <system-out/>
  <testcase classname="CreateAnAccount" name="verifyUserIsAbleToCreateAnAccountandShareTheWishList" time="16.083"/>
  <system-out/>
</testsuite> <!-- CreateAnAccount -->
