<?xml version="1.0" encoding="UTF-8"?>
<!-- Generated by org.testng.reporters.JUnitReportReporter -->
<testsuite hostname="DESKTOP-DEUNGC0" failures="0" tests="2" name="TestCase1" time="11.915" errors="0" timestamp="2024-01-08T17:10:20 IST" skipped="0">
  <testcase classname="TestCase1" name="test2" time="5.936"/>
  <system-out/>
  <testcase classname="TestCase1" name="test1" time="5.979"/>
  <system-out/>
</testsuite> <!-- TestCase1 -->
