<?xml version="1.0" encoding="UTF-8"?>
<!-- Generated by org.testng.reporters.JUnitReportReporter -->
<testsuite hostname="DESKTOP-DEUNGC0" failures="0" tests="1" name="Test1" time="3.150" errors="0" timestamp="2024-01-08T17:32:52 IST" skipped="0">
  <testcase classname="Test1" name="testCase1" time="3.150"/>
  <system-out/>
</testsuite> <!-- Test1 -->
