<?xml version="1.0" encoding="UTF-8"?>
<!-- Generated by org.testng.reporters.JUnitReportReporter -->
<testsuite hostname="DESKTOP-DEUNGC0" failures="0" tests="1" name="CompareTwoProducts" time="14.704" errors="0" timestamp="2024-01-09T12:25:53 IST" skipped="0">
  <testcase classname="CompareTwoProducts" name="verifyUserShouldBeAbleToCompareToProducts" time="14.704"/>
  <system-out/>
</testsuite> <!-- CompareTwoProducts -->
