<?xml version="1.0" encoding="UTF-8"?>
<!-- Generated by org.testng.reporters.JUnitReportReporter -->
<testsuite hostname="DESKTOP-DEUNGC0" failures="0" tests="2" name="Test1" time="5.710" errors="0" timestamp="2024-01-08T17:36:49 IST" skipped="0">
  <testcase classname="Test1" name="testCase2" time="2.505"/>
  <system-out/>
  <testcase classname="Test1" name="testCase1" time="3.205"/>
  <system-out/>
</testsuite> <!-- Test1 -->
